<?xml version="1.0" encoding="UTF-8"?>
<!-- Generated by org.testng.reporters.JUnitReportReporter -->
<testsuite hostname="LAPTOP-ML7ORHO5" failures="0" tests="3" name="testCases.TC_003_PlaceOrder" time="6.911" errors="0" timestamp="2023-09-25T12:05:57 IST" skipped="0">
  <testcase classname="testCases.TC_003_PlaceOrder" name="addToCart" time="3.820"/>
  <testcase classname="testCases.TC_003_PlaceOrder" name="placeOrder" time="0.092"/>
  <testcase classname="testCases.TC_003_PlaceOrder" name="test_Login" time="2.999"/>
</testsuite> <!-- testCases.TC_003_PlaceOrder -->
