<?xml version="1.0" encoding="UTF-8"?>
<!-- Generated by org.testng.reporters.JUnitReportReporter -->
<testsuite hostname="LAPTOP-ML7ORHO5" failures="0" tests="7" name="testCases.TC_004_DataDrivenLogin" time="10.923" errors="0" timestamp="2023-08-11T20:58:15 IST" skipped="0">
  <testcase classname="testCases.TC_004_DataDrivenLogin" name="test_dataDrivenLogin" time="2.051"/>
  <testcase classname="testCases.TC_004_DataDrivenLogin" name="test_dataDrivenLogin" time="1.407"/>
  <testcase classname="testCases.TC_004_DataDrivenLogin" name="test_dataDrivenLogin" time="0.633"/>
  <testcase classname="testCases.TC_004_DataDrivenLogin" name="test_dataDrivenLogin" time="1.507"/>
  <testcase classname="testCases.TC_004_DataDrivenLogin" name="test_dataDrivenLogin" time="1.535"/>
  <testcase classname="testCases.TC_004_DataDrivenLogin" name="test_dataDrivenLogin" time="2.561"/>
  <testcase classname="testCases.TC_004_DataDrivenLogin" name="test_dataDrivenLogin" time="1.229"/>
</testsuite> <!-- testCases.TC_004_DataDrivenLogin -->
