<?xml version="1.0" encoding="UTF-8"?>
<!-- Generated by org.testng.reporters.JUnitReportReporter -->
<testsuite hostname="LAPTOP-ML7ORHO5" failures="0" tests="8" name="testCases.TC_004a_DataDrivenLogin2" time="17.727" errors="0" timestamp="2023-08-12T11:34:57 IST" skipped="0">
  <testcase classname="testCases.TC_004a_DataDrivenLogin2" name="test_dataDrivenLogin" time="2.294"/>
  <testcase classname="testCases.TC_004a_DataDrivenLogin2" name="test_dataDrivenLogin" time="3.160"/>
  <testcase classname="testCases.TC_004a_DataDrivenLogin2" name="test_dataDrivenLogin" time="1.899"/>
  <testcase classname="testCases.TC_004a_DataDrivenLogin2" name="test_dataDrivenLogin" time="2.329"/>
  <testcase classname="testCases.TC_004a_DataDrivenLogin2" name="test_dataDrivenLogin" time="1.725"/>
  <testcase classname="testCases.TC_004a_DataDrivenLogin2" name="test_dataDrivenLogin" time="2.711"/>
  <testcase classname="testCases.TC_004a_DataDrivenLogin2" name="test_dataDrivenLogin" time="1.753"/>
  <testcase classname="testCases.TC_004a_DataDrivenLogin2" name="test_dataDrivenLogin" time="1.856"/>
</testsuite> <!-- testCases.TC_004a_DataDrivenLogin2 -->
