<?xml version="1.0" encoding="UTF-8"?>
<!-- Generated by org.testng.reporters.JUnitReportReporter -->
<testsuite hostname="LAPTOP-ML7ORHO5" failures="0" tests="1" name="testCases.TC_001_CheckRegistration" time="1.711" errors="0" timestamp="2023-09-25T12:18:55 IST" skipped="0">
  <testcase classname="testCases.TC_001_CheckRegistration" name="test_account_Registration" time="1.711"/>
</testsuite> <!-- testCases.TC_001_CheckRegistration -->
