<?xml version="1.0" encoding="UTF-8"?>
<!-- Generated by org.testng.reporters.JUnitReportReporter -->
<testsuite hostname="LAPTOP-ML7ORHO5" failures="0" tests="1" name="testCases.TC_002_CheckLogin" time="2.510" errors="0" timestamp="2023-08-12T11:34:57 IST" skipped="0">
  <testcase classname="testCases.TC_002_CheckLogin" name="test_Login" time="2.510"/>
</testsuite> <!-- testCases.TC_002_CheckLogin -->
